# JRE version: OpenJDK Runtime Environment Corretto-17.0.5.8.1 (17.0.5+8) (build 17.0.5+8-LTS)
# Java VM: OpenJDK 64-Bit Server VM Corretto-17.0.5.8.1 (17.0.5+8-LTS, mixed mode, sharing, tiered, compressed oops, compressed class ptrs, g1 gc, windows-amd64)
GC Precious Log:
 CPUs: 12 total, 12 available
 Memory: 16251M
 Large Page Support: Disabled
 NUMA Support: Disabled
 Compressed Oops: Enabled (Zero based)
 Heap Region Size: 2M
 Heap Min Capacity: 8M
 Heap Initial Capacity: 254M
 Heap Max Capacity: 4064M
 Pre-touch: Disabled
 Parallel Workers: 10
 Concurrent Workers: 3
 Concurrent Refinement Workers: 10
 Periodic GC: Disabled
Heap:
 garbage-first heap   total 81920K, used 52900K [0x0000000702000000, 0x0000000800000000)
  region size 2048K, 15 young (30720K), 2 survivors (4096K)
 Metaspace       used 65506K, committed 65984K, reserved 1114112K
  class space    used 9067K, committed 9280K, reserved 1048576K
GC Heap History (20 events):
Event: 0.386 GC heap before
{Heap before GC invocations=0 (full 0):
 garbage-first heap   total 260096K, used 20480K [0x0000000702000000, 0x0000000800000000)
  region size 2048K, 11 young (22528K), 0 survivors (0K)
 Metaspace       used 6035K, committed 6272K, reserved 1056768K
  class space    used 714K, committed 832K, reserved 1048576K
}
Event: 0.389 GC heap after
{Heap after GC invocations=1 (full 0):
 garbage-first heap   total 260096K, used 6557K [0x0000000702000000, 0x0000000800000000)
  region size 2048K, 2 young (4096K), 2 survivors (4096K)
 Metaspace       used 6035K, committed 6272K, reserved 1056768K
  class space    used 714K, committed 832K, reserved 1048576K
}
Event: 0.645 GC heap before
{Heap before GC invocations=1 (full 0):
 garbage-first heap   total 260096K, used 33181K [0x0000000702000000, 0x0000000800000000)
  region size 2048K, 15 young (30720K), 2 survivors (4096K)
 Metaspace       used 12275K, committed 12480K, reserved 1064960K
  class space    used 1660K, committed 1728K, reserved 1048576K
}
Event: 0.647 GC heap after
{Heap after GC invocations=2 (full 0):
 garbage-first heap   total 260096K, used 9043K [0x0000000702000000, 0x0000000800000000)
  region size 2048K, 1 young (2048K), 1 survivors (2048K)
 Metaspace       used 12275K, committed 12480K, reserved 1064960K
  class space    used 1660K, committed 1728K, reserved 1048576K
}
Event: 1.140 GC heap before
{Heap before GC invocations=2 (full 0):
 garbage-first heap   total 260096K, used 64339K [0x0000000702000000, 0x0000000800000000)
  region size 2048K, 29 young (59392K), 1 survivors (2048K)
 Metaspace       used 21272K, committed 21504K, reserved 1073152K
  class space    used 2689K, committed 2816K, reserved 1048576K
}
Event: 1.143 GC heap after
{Heap after GC invocations=3 (full 0):
 garbage-first heap   total 260096K, used 13150K [0x0000000702000000, 0x0000000800000000)
  region size 2048K, 3 young (6144K), 3 survivors (6144K)
 Metaspace       used 21272K, committed 21504K, reserved 1073152K
  class space    used 2689K, committed 2816K, reserved 1048576K
}
Event: 1.541 GC heap before
{Heap before GC invocations=4 (full 0):
 garbage-first heap   total 55296K, used 39774K [0x0000000702000000, 0x0000000800000000)
  region size 2048K, 17 young (34816K), 3 survivors (6144K)
 Metaspace       used 26024K, committed 26304K, reserved 1073152K
  class space    used 3402K, committed 3520K, reserved 1048576K
}
Event: 1.545 GC heap after
{Heap after GC invocations=5 (full 0):
 garbage-first heap   total 55296K, used 15717K [0x0000000702000000, 0x0000000800000000)
  region size 2048K, 5 young (10240K), 5 survivors (10240K)
 Metaspace       used 26024K, committed 26304K, reserved 1073152K
  class space    used 3402K, committed 3520K, reserved 1048576K
}
Event: 1.828 GC heap before
{Heap before GC invocations=5 (full 0):
 garbage-first heap   total 55296K, used 34149K [0x0000000702000000, 0x0000000800000000)
  region size 2048K, 14 young (28672K), 5 survivors (10240K)
 Metaspace       used 30199K, committed 30656K, reserved 1081344K
  class space    used 3937K, committed 4160K, reserved 1048576K
}
Event: 1.833 GC heap after
{Heap after GC invocations=6 (full 0):
 garbage-first heap   total 55296K, used 18368K [0x0000000702000000, 0x0000000800000000)
  region size 2048K, 2 young (4096K), 2 survivors (4096K)
 Metaspace       used 30199K, committed 30656K, reserved 1081344K
  class space    used 3937K, committed 4160K, reserved 1048576K
}
Event: 2.053 GC heap before
{Heap before GC invocations=6 (full 0):
 garbage-first heap   total 55296K, used 34752K [0x0000000702000000, 0x0000000800000000)
  region size 2048K, 10 young (20480K), 2 survivors (4096K)
 Metaspace       used 32742K, committed 33152K, reserved 1081344K
  class space    used 4296K, committed 4480K, reserved 1048576K
}
Event: 2.055 GC heap after
{Heap after GC invocations=7 (full 0):
 garbage-first heap   total 157696K, used 19329K [0x0000000702000000, 0x0000000800000000)
  region size 2048K, 1 young (2048K), 1 survivors (2048K)
 Metaspace       used 32742K, committed 33152K, reserved 1081344K
  class space    used 4296K, committed 4480K, reserved 1048576K
}
Event: 2.217 GC heap before
{Heap before GC invocations=7 (full 0):
 garbage-first heap   total 157696K, used 29569K [0x0000000702000000, 0x0000000800000000)
  region size 2048K, 7 young (14336K), 1 survivors (2048K)
 Metaspace       used 35523K, committed 35968K, reserved 1081344K
  class space    used 4756K, committed 4928K, reserved 1048576K
}
Event: 2.218 GC heap after
{Heap after GC invocations=8 (full 0):
 garbage-first heap   total 157696K, used 19503K [0x0000000702000000, 0x0000000800000000)
  region size 2048K, 1 young (2048K), 1 survivors (2048K)
 Metaspace       used 35523K, committed 35968K, reserved 1081344K
  class space    used 4756K, committed 4928K, reserved 1048576K
}
Event: 2.923 GC heap before
{Heap before GC invocations=9 (full 0):
 garbage-first heap   total 81920K, used 66607K [0x0000000702000000, 0x0000000800000000)
  region size 2048K, 24 young (49152K), 1 survivors (2048K)
 Metaspace       used 48473K, committed 48896K, reserved 1097728K
  class space    used 6697K, committed 6912K, reserved 1048576K
}
Event: 2.925 GC heap after
{Heap after GC invocations=10 (full 0):
 garbage-first heap   total 81920K, used 22215K [0x0000000702000000, 0x0000000800000000)
  region size 2048K, 3 young (6144K), 3 survivors (6144K)
 Metaspace       used 48473K, committed 48896K, reserved 1097728K
  class space    used 6697K, committed 6912K, reserved 1048576K
}
Event: 3.316 GC heap before
{Heap before GC invocations=10 (full 0):
 garbage-first heap   total 81920K, used 59079K [0x0000000702000000, 0x0000000800000000)
  region size 2048K, 21 young (43008K), 3 survivors (6144K)
 Metaspace       used 54469K, committed 54912K, reserved 1097728K
  class space    used 7528K, committed 7744K, reserved 1048576K
}
Event: 3.320 GC heap after
{Heap after GC invocations=11 (full 0):
 garbage-first heap   total 81920K, used 25500K [0x0000000702000000, 0x0000000800000000)
  region size 2048K, 3 young (6144K), 3 survivors (6144K)
 Metaspace       used 54469K, committed 54912K, reserved 1097728K
  class space    used 7528K, committed 7744K, reserved 1048576K
}
Event: 12.016 GC heap before
{Heap before GC invocations=11 (full 0):
 garbage-first heap   total 81920K, used 56220K [0x0000000702000000, 0x0000000800000000)
  region size 2048K, 19 young (38912K), 3 survivors (6144K)
 Metaspace       used 59810K, committed 60288K, reserved 1105920K
  class space    used 8266K, committed 8512K, reserved 1048576K
}
Event: 12.021 GC heap after
{Heap after GC invocations=12 (full 0):
 garbage-first heap   total 81920K, used 28324K [0x0000000702000000, 0x0000000800000000)
  region size 2048K, 2 young (4096K), 2 survivors (4096K)
 Metaspace       used 59810K, committed 60288K, reserved 1105920K
  class space    used 8266K, committed 8512K, reserved 1048576K
}

